<?xml version="1.0" encoding="UTF-8"?>
<!-- Generated by org.testng.reporters.JUnitReportReporter -->
<testsuite hostname="DESKTOP-0T7R0CE" failures="0" tests="1" name="com.myProject.bookMyShow.LaunchBookMyShow" time="21.608" errors="0" timestamp="2024-05-26T20:22:46 IST" skipped="0">
  <testcase classname="com.myProject.bookMyShow.LaunchBookMyShow" name="launchApplication" time="21.608"/>
  <system-out/>
</testsuite> <!-- com.myProject.bookMyShow.LaunchBookMyShow -->
